[2026-06-26T15:48:45.288Z] [INFO ] App starting, seeding mock data...
[2026-06-26T15:48:45.290Z] [INFO ] App starting, seeding mock data...
[2026-06-26T15:48:45.338Z] [INFO ] App ready
[2026-06-26T15:48:45.338Z] [INFO ] App ready
[2026-06-26T15:56:37.790Z] [INFO ] App starting, seeding mock data...
[2026-06-26T15:56:37.791Z] [INFO ] App starting, seeding mock data...
[2026-06-26T15:56:37.815Z] [INFO ] App ready
[2026-06-26T15:56:37.815Z] [INFO ] App ready
[2026-06-26T15:56:37.790Z] [INFO ] App starting, seeding mock data...
[2026-06-26T15:56:37.791Z] [INFO ] App starting, seeding mock data...
[2026-06-26T15:56:37.815Z] [INFO ] App ready
[2026-06-26T15:56:37.815Z] [INFO ] App ready
[2026-06-26T15:57:07.868Z] [INFO ] Log selected: message.txt (c84dcc3c-bce4-45f4-9160-187829d30d3f)
[2026-06-26T15:57:09.075Z] [INFO ] Log selected: message.txt (c84dcc3c-bce4-45f4-9160-187829d30d3f)
[2026-06-26T16:12:12.208Z] [INFO ] App starting, seeding mock data...
[2026-06-26T16:12:12.209Z] [INFO ] App starting, seeding mock data...
[2026-06-26T16:12:12.254Z] [INFO ] App ready
[2026-06-26T16:12:12.254Z] [INFO ] App ready
[2026-06-26T16:14:41.580Z] [INFO ] App starting, seeding mock data...
[2026-06-26T16:14:41.581Z] [INFO ] App starting, seeding mock data...
[2026-06-26T16:14:41.643Z] [INFO ] App ready
[2026-06-26T16:14:45.335Z] [INFO ] App starting, seeding mock data...
[2026-06-26T16:14:45.336Z] [INFO ] App ready
[2026-06-26T16:15:21.935Z] [INFO ] App starting, seeding mock data...
[2026-06-26T16:15:21.936Z] [INFO ] App starting, seeding mock data...
[2026-06-26T16:15:21.981Z] [INFO ] App ready
[2026-06-26T16:15:21.981Z] [INFO ] App ready
[2026-06-26T16:16:20.822Z] [INFO ] App starting, seeding mock data...
[2026-06-26T16:16:20.823Z] [INFO ] App starting, seeding mock data...
[2026-06-26T16:16:20.843Z] [INFO ] App ready
[2026-06-26T16:16:20.843Z] [INFO ] App ready
[2026-06-26T16:20:16.559Z] [INFO ] App starting, seeding mock data...
[2026-06-26T16:20:16.560Z] [INFO ] App starting, seeding mock data...
[2026-06-26T16:20:16.592Z] [INFO ] App ready
[2026-06-26T16:20:16.592Z] [INFO ] App ready
[2026-06-26T16:20:38.033Z] [INFO ] App starting, seeding mock data...
[2026-06-26T16:20:38.034Z] [INFO ] App starting, seeding mock data...
[2026-06-26T16:20:38.067Z] [INFO ] App ready
[2026-06-26T16:20:38.067Z] [INFO ] App ready
[2026-06-26T16:24:11.426Z] [INFO ] App starting, seeding mock data...
[2026-06-26T16:24:11.427Z] [INFO ] App starting, seeding mock data...
[2026-06-26T16:24:11.460Z] [INFO ] App ready
[2026-06-26T16:24:11.460Z] [INFO ] App ready
[2026-06-26T16:26:03.020Z] [INFO ] App starting, seeding mock data...
[2026-06-26T16:26:03.020Z] [INFO ] App starting, seeding mock data...
[2026-06-26T16:26:03.035Z] [INFO ] App ready
[2026-06-26T16:26:03.035Z] [INFO ] App ready
[2026-06-26T16:30:10.588Z] [INFO ] App starting, seeding mock data...
[2026-06-26T16:30:10.589Z] [INFO ] App starting, seeding mock data...
[2026-06-26T16:30:10.607Z] [INFO ] App ready
[2026-06-26T16:30:10.607Z] [INFO ] App ready
[2026-06-26T16:30:10.588Z] [INFO ] App starting, seeding mock data...
[2026-06-26T16:30:10.589Z] [INFO ] App starting, seeding mock data...
[2026-06-26T16:30:10.607Z] [INFO ] App ready
[2026-06-26T16:30:10.607Z] [INFO ] App ready
[2026-06-26T16:30:33.476Z] [INFO ] Deleting project: p2
[2026-06-26T16:30:33.692Z] [INFO ] Deleting project: p1
[2026-06-26T16:30:33.892Z] [INFO ] Deleting project: p3
[2026-06-26T16:34:32.586Z] [INFO ] App starting, seeding mock data...
[2026-06-26T16:34:32.587Z] [INFO ] App starting, seeding mock data...
[2026-06-26T16:35:12.743Z] [INFO ] App starting, seeding mock data...
[2026-06-26T16:35:12.744Z] [INFO ] App starting, seeding mock data...
[2026-06-26T16:35:12.781Z] [INFO ] App ready
[2026-06-26T16:35:12.781Z] [INFO ] App ready
[2026-06-26T16:41:54.585Z] [INFO ] App starting, seeding mock data...
[2026-06-26T16:41:54.586Z] [INFO ] App starting, seeding mock data...
[2026-06-26T16:41:54.627Z] [INFO ] App ready
[2026-06-26T16:41:54.627Z] [INFO ] App ready
[2026-06-26T16:52:10.560Z] [INFO ] App starting, seeding mock data...
[2026-06-26T16:52:10.561Z] [INFO ] App starting, seeding mock data...
[2026-06-26T16:52:10.601Z] [INFO ] App ready
[2026-06-26T16:52:10.601Z] [INFO ] App ready
[2026-06-26T16:52:10.560Z] [INFO ] App starting, seeding mock data...
[2026-06-26T16:52:10.561Z] [INFO ] App starting, seeding mock data...
[2026-06-26T16:52:10.601Z] [INFO ] App ready
[2026-06-26T16:52:10.601Z] [INFO ] App ready
[2026-06-26T16:52:37.891Z] [INFO ] Project selected: Payment Gateway
[2026-06-26T16:52:39.274Z] [INFO ] Project selected: Auth Service
[2026-06-26T16:52:41.464Z] [INFO ] Log selected: payment-timeout-error.log (l3)
[2026-06-26T16:52:44.926Z] [INFO ] AI panel shown
[2026-06-26T16:52:10.560Z] [INFO ] App starting, seeding mock data...
[2026-06-26T16:52:10.561Z] [INFO ] App starting, seeding mock data...
[2026-06-26T16:52:10.601Z] [INFO ] App ready
[2026-06-26T16:52:10.601Z] [INFO ] App ready
[2026-06-26T16:52:37.891Z] [INFO ] Project selected: Payment Gateway
[2026-06-26T16:52:39.274Z] [INFO ] Project selected: Auth Service
[2026-06-26T16:52:41.464Z] [INFO ] Log selected: payment-timeout-error.log (l3)
[2026-06-26T16:52:44.926Z] [INFO ] AI panel shown
[2026-06-26T16:52:46.988Z] [INFO ] AI panel hidden
[2026-06-26T16:52:49.513Z] [INFO ] AI panel shown
[2026-06-26T16:52:10.560Z] [INFO ] App starting, seeding mock data...
[2026-06-26T16:52:10.561Z] [INFO ] App starting, seeding mock data...
[2026-06-26T16:52:10.601Z] [INFO ] App ready
[2026-06-26T16:52:10.601Z] [INFO ] App ready
[2026-06-26T16:52:37.891Z] [INFO ] Project selected: Payment Gateway
[2026-06-26T16:52:39.274Z] [INFO ] Project selected: Auth Service
[2026-06-26T16:52:41.464Z] [INFO ] Log selected: payment-timeout-error.log (l3)
[2026-06-26T16:52:44.926Z] [INFO ] AI panel shown
[2026-06-26T16:52:46.988Z] [INFO ] AI panel hidden
[2026-06-26T16:52:49.513Z] [INFO ] AI panel shown
[2026-06-26T16:53:02.796Z] [INFO ] AI panel hidden
[2026-06-26T16:52:10.560Z] [INFO ] App starting, seeding mock data...
[2026-06-26T16:52:10.561Z] [INFO ] App starting, seeding mock data...
[2026-06-26T16:52:10.601Z] [INFO ] App ready
[2026-06-26T16:52:10.601Z] [INFO ] App ready
[2026-06-26T16:52:37.891Z] [INFO ] Project selected: Payment Gateway
[2026-06-26T16:52:39.274Z] [INFO ] Project selected: Auth Service
[2026-06-26T16:52:41.464Z] [INFO ] Log selected: payment-timeout-error.log (l3)
[2026-06-26T16:52:44.926Z] [INFO ] AI panel shown
[2026-06-26T16:52:46.988Z] [INFO ] AI panel hidden
[2026-06-26T16:52:49.513Z] [INFO ] AI panel shown
[2026-06-26T16:53:02.796Z] [INFO ] AI panel hidden
[2026-06-26T16:53:29.034Z] [INFO ] Deleting project: 69dd7ac9-d55b-4403-bf64-cab0c06e19dc
[2026-06-26T16:53:36.581Z] [INFO ] Project selected: Новый проект
[2026-06-26T16:52:10.560Z] [INFO ] App starting, seeding mock data...
[2026-06-26T16:52:10.561Z] [INFO ] App starting, seeding mock data...
[2026-06-26T16:52:10.601Z] [INFO ] App ready
[2026-06-26T16:52:10.601Z] [INFO ] App ready
[2026-06-26T16:52:37.891Z] [INFO ] Project selected: Payment Gateway
[2026-06-26T16:52:39.274Z] [INFO ] Project selected: Auth Service
[2026-06-26T16:52:41.464Z] [INFO ] Log selected: payment-timeout-error.log (l3)
[2026-06-26T16:52:44.926Z] [INFO ] AI panel shown
[2026-06-26T16:52:46.988Z] [INFO ] AI panel hidden
[2026-06-26T16:52:49.513Z] [INFO ] AI panel shown
[2026-06-26T16:53:02.796Z] [INFO ] AI panel hidden
[2026-06-26T16:53:29.034Z] [INFO ] Deleting project: 69dd7ac9-d55b-4403-bf64-cab0c06e19dc
[2026-06-26T16:53:36.581Z] [INFO ] Project selected: Новый проект
[2026-06-26T16:53:43.407Z] [INFO ] Log added: message.txt (96 KB)
[2026-06-26T16:53:45.514Z] [INFO ] Log selected: message.txt (505c1a3f-9e08-41f6-ba44-618c4b79223f)
[2026-06-26T16:55:51.011Z] [INFO ] App starting, seeding mock data...
[2026-06-26T16:55:51.012Z] [INFO ] App starting, seeding mock data...
[2026-06-26T16:55:51.097Z] [INFO ] App ready
[2026-06-26T16:55:51.011Z] [INFO ] App starting, seeding mock data...
[2026-06-26T16:55:51.012Z] [INFO ] App starting, seeding mock data...
[2026-06-26T16:55:51.097Z] [INFO ] App ready
[2026-06-26T17:16:59.351Z] [INFO ] Log selected: payment-timeout-error.log (l3)
[2026-06-26T17:16:59.838Z] [INFO ] Log selected: payment-timeout-error.log (l3)
[2026-06-26T16:55:51.011Z] [INFO ] App starting, seeding mock data...
[2026-06-26T16:55:51.012Z] [INFO ] App starting, seeding mock data...
[2026-06-26T16:55:51.097Z] [INFO ] App ready
[2026-06-26T17:16:59.351Z] [INFO ] Log selected: payment-timeout-error.log (l3)
[2026-06-26T17:16:59.838Z] [INFO ] Log selected: payment-timeout-error.log (l3)
[2026-06-26T17:17:48.360Z] [INFO ] Log selected: rate-limit-warning.log (l2)
[2026-06-26T17:17:49.967Z] [INFO ] Log selected: payment-timeout-error.log (l3)
[2026-06-26T17:17:51.597Z] [INFO ] Project selected: Frontend App
[2026-06-26T17:17:52.428Z] [INFO ] Log selected: react-render-error.log (l4)
[2026-06-26T16:55:51.011Z] [INFO ] App starting, seeding mock data...
[2026-06-26T16:55:51.012Z] [INFO ] App starting, seeding mock data...
[2026-06-26T16:55:51.097Z] [INFO ] App ready
[2026-06-26T17:16:59.351Z] [INFO ] Log selected: payment-timeout-error.log (l3)
[2026-06-26T17:16:59.838Z] [INFO ] Log selected: payment-timeout-error.log (l3)
[2026-06-26T17:17:48.360Z] [INFO ] Log selected: rate-limit-warning.log (l2)
[2026-06-26T17:17:49.967Z] [INFO ] Log selected: payment-timeout-error.log (l3)
[2026-06-26T17:17:51.597Z] [INFO ] Project selected: Frontend App
[2026-06-26T17:17:52.428Z] [INFO ] Log selected: react-render-error.log (l4)
[2026-06-26T17:18:08.157Z] [INFO ] Log selected: react-render-error.log (l4)
[2026-06-26T17:18:39.109Z] [INFO ] App starting, seeding mock data...
[2026-06-26T17:18:39.110Z] [INFO ] App starting, seeding mock data...
[2026-06-26T17:18:39.114Z] [INFO ] App ready
[2026-06-26T17:18:39.114Z] [INFO ] App ready
[2026-06-26T17:19:10.952Z] [INFO ] App starting, seeding mock data...
[2026-06-26T17:19:10.952Z] [INFO ] App starting, seeding mock data...
[2026-06-26T17:19:10.971Z] [INFO ] App ready
[2026-06-26T17:19:10.971Z] [INFO ] App ready
[2026-06-26T17:19:10.952Z] [INFO ] App starting, seeding mock data...
[2026-06-26T17:19:10.952Z] [INFO ] App starting, seeding mock data...
[2026-06-26T17:19:10.971Z] [INFO ] App ready
[2026-06-26T17:19:10.971Z] [INFO ] App ready
[2026-06-26T17:19:28.740Z] [INFO ] App starting, seeding mock data...
[2026-06-26T17:19:28.741Z] [INFO ] App ready
[2026-06-26T17:20:46.531Z] [INFO ] App starting, seeding mock data...
[2026-06-26T17:20:46.532Z] [INFO ] App starting, seeding mock data...
[2026-06-26T17:20:46.569Z] [INFO ] App ready
[2026-06-26T17:20:46.569Z] [INFO ] App ready
[2026-06-26T17:20:46.531Z] [INFO ] App starting, seeding mock data...
[2026-06-26T17:20:46.532Z] [INFO ] App starting, seeding mock data...
[2026-06-26T17:20:46.569Z] [INFO ] App ready
[2026-06-26T17:20:46.569Z] [INFO ] App ready
[2026-06-26T17:20:59.399Z] [INFO ] Log selected: refund-failed.log (l5)
[2026-06-26T17:21:01.766Z] [INFO ] Log selected: refund-failed.log (l5)
[2026-06-26T17:21:03.540Z] [INFO ] Log selected: react-render-error.log (l4)
[2026-06-26T17:20:46.531Z] [INFO ] App starting, seeding mock data...
[2026-06-26T17:20:46.532Z] [INFO ] App starting, seeding mock data...
[2026-06-26T17:20:46.569Z] [INFO ] App ready
[2026-06-26T17:20:46.569Z] [INFO ] App ready
[2026-06-26T17:20:59.399Z] [INFO ] Log selected: refund-failed.log (l5)
[2026-06-26T17:21:01.766Z] [INFO ] Log selected: refund-failed.log (l5)
[2026-06-26T17:21:03.540Z] [INFO ] Log selected: react-render-error.log (l4)
[2026-06-26T17:21:27.645Z] [INFO ] Log selected: payment-timeout-error.log (l3)
[2026-06-26T17:21:28.116Z] [INFO ] Log selected: payment-timeout-error.log (l3)
[2026-06-26T17:20:46.531Z] [INFO ] App starting, seeding mock data...
[2026-06-26T17:20:46.532Z] [INFO ] App starting, seeding mock data...
[2026-06-26T17:20:46.569Z] [INFO ] App ready
[2026-06-26T17:20:46.569Z] [INFO ] App ready
[2026-06-26T17:20:59.399Z] [INFO ] Log selected: refund-failed.log (l5)
[2026-06-26T17:21:01.766Z] [INFO ] Log selected: refund-failed.log (l5)
[2026-06-26T17:21:03.540Z] [INFO ] Log selected: react-render-error.log (l4)
[2026-06-26T17:21:27.645Z] [INFO ] Log selected: payment-timeout-error.log (l3)
[2026-06-26T17:21:28.116Z] [INFO ] Log selected: payment-timeout-error.log (l3)
[2026-06-26T17:21:42.344Z] [INFO ] Log selected: payment-timeout-error.log (l3)
[2026-06-26T17:20:46.531Z] [INFO ] App starting, seeding mock data...
[2026-06-26T17:20:46.532Z] [INFO ] App starting, seeding mock data...
[2026-06-26T17:20:46.569Z] [INFO ] App ready
[2026-06-26T17:20:46.569Z] [INFO ] App ready
[2026-06-26T17:20:59.399Z] [INFO ] Log selected: refund-failed.log (l5)
[2026-06-26T17:21:01.766Z] [INFO ] Log selected: refund-failed.log (l5)
[2026-06-26T17:21:03.540Z] [INFO ] Log selected: react-render-error.log (l4)
[2026-06-26T17:21:27.645Z] [INFO ] Log selected: payment-timeout-error.log (l3)
[2026-06-26T17:21:28.116Z] [INFO ] Log selected: payment-timeout-error.log (l3)
[2026-06-26T17:21:42.344Z] [INFO ] Log selected: payment-timeout-error.log (l3)
[2026-06-26T17:21:52.694Z] [INFO ] Log selected: rate-limit-warning.log (l2)
[2026-06-26T17:21:53.205Z] [INFO ] Log selected: rate-limit-warning.log (l2)
[2026-06-26T17:23:10.868Z] [INFO ] App starting, seeding mock data...
[2026-06-26T17:23:10.870Z] [INFO ] App starting, seeding mock data...
[2026-06-26T17:23:10.908Z] [INFO ] App ready
[2026-06-26T17:23:10.908Z] [INFO ] App ready
[2026-06-26T17:23:13.727Z] [INFO ] Log selected: rate-limit-warning.log (l2)
[2026-06-26T17:24:56.580Z] [INFO ] App starting, seeding mock data...
[2026-06-26T17:24:56.581Z] [INFO ] App starting, seeding mock data...
[2026-06-26T17:24:56.623Z] [INFO ] App ready
[2026-06-26T17:24:56.623Z] [INFO ] App ready
[2026-06-26T17:24:56.580Z] [INFO ] App starting, seeding mock data...
[2026-06-26T17:24:56.581Z] [INFO ] App starting, seeding mock data...
[2026-06-26T17:24:56.623Z] [INFO ] App ready
[2026-06-26T17:24:56.623Z] [INFO ] App ready
[2026-06-26T17:25:30.897Z] [INFO ] Log selected: react-render-error.log (l4)
[2026-06-26T17:24:56.580Z] [INFO ] App starting, seeding mock data...
[2026-06-26T17:24:56.581Z] [INFO ] App starting, seeding mock data...
[2026-06-26T17:24:56.623Z] [INFO ] App ready
[2026-06-26T17:24:56.623Z] [INFO ] App ready
[2026-06-26T17:25:30.897Z] [INFO ] Log selected: react-render-error.log (l4)
[2026-06-26T17:32:04.724Z] [INFO ] App starting, seeding mock data...
[2026-06-26T17:32:04.724Z] [INFO ] App starting, seeding mock data...
[2026-06-26T17:32:04.725Z] [INFO ] App ready
[2026-06-26T17:32:04.728Z] [INFO ] App ready
[2026-06-26T17:32:08.428Z] [INFO ] App starting, seeding mock data...
[2026-06-26T17:32:08.428Z] [INFO ] App starting, seeding mock data...
[2026-06-26T17:32:08.428Z] [INFO ] App ready
[2026-06-26T17:32:08.431Z] [INFO ] App ready
[2026-06-26T17:24:56.580Z] [INFO ] App starting, seeding mock data...
[2026-06-26T17:24:56.581Z] [INFO ] App starting, seeding mock data...
[2026-06-26T17:24:56.623Z] [INFO ] App ready
[2026-06-26T17:24:56.623Z] [INFO ] App ready
[2026-06-26T17:25:30.897Z] [INFO ] Log selected: react-render-error.log (l4)
[2026-06-26T17:32:04.724Z] [INFO ] App starting, seeding mock data...
[2026-06-26T17:32:04.724Z] [INFO ] App starting, seeding mock data...
[2026-06-26T17:32:04.725Z] [INFO ] App ready
[2026-06-26T17:32:04.728Z] [INFO ] App ready
[2026-06-26T17:32:08.428Z] [INFO ] App starting, seeding mock data...
[2026-06-26T17:32:08.428Z] [INFO ] App starting, seeding mock data...
[2026-06-26T17:32:08.428Z] [INFO ] App ready
[2026-06-26T17:32:08.431Z] [INFO ] App ready
[2026-06-26T17:32:14.306Z] [INFO ] App starting, seeding mock data...
[2026-06-26T17:32:14.306Z] [INFO ] App starting, seeding mock data...
[2026-06-26T17:32:14.307Z] [INFO ] App ready
[2026-06-26T17:32:14.309Z] [INFO ] App ready
[2026-06-26T17:32:17.206Z] [INFO ] App starting, seeding mock data...
[2026-06-26T17:32:17.206Z] [INFO ] App starting, seeding mock data...
[2026-06-26T17:32:17.207Z] [INFO ] App ready
[2026-06-26T17:32:17.208Z] [INFO ] App ready
[2026-06-26T17:24:56.580Z] [INFO ] App starting, seeding mock data...
[2026-06-26T17:24:56.581Z] [INFO ] App starting, seeding mock data...
[2026-06-26T17:24:56.623Z] [INFO ] App ready
[2026-06-26T17:24:56.623Z] [INFO ] App ready
[2026-06-26T17:25:30.897Z] [INFO ] Log selected: react-render-error.log (l4)
[2026-06-26T17:32:04.724Z] [INFO ] App starting, seeding mock data...
[2026-06-26T17:32:04.724Z] [INFO ] App starting, seeding mock data...
[2026-06-26T17:32:04.725Z] [INFO ] App ready
[2026-06-26T17:32:04.728Z] [INFO ] App ready
[2026-06-26T17:32:08.428Z] [INFO ] App starting, seeding mock data...
[2026-06-26T17:32:08.428Z] [INFO ] App starting, seeding mock data...
[2026-06-26T17:32:08.428Z] [INFO ] App ready
[2026-06-26T17:32:08.431Z] [INFO ] App ready
[2026-06-26T17:32:14.306Z] [INFO ] App starting, seeding mock data...
[2026-06-26T17:32:14.306Z] [INFO ] App starting, seeding mock data...
[2026-06-26T17:32:14.307Z] [INFO ] App ready
[2026-06-26T17:32:14.309Z] [INFO ] App ready
[2026-06-26T17:32:17.206Z] [INFO ] App starting, seeding mock data...
[2026-06-26T17:32:17.206Z] [INFO ] App starting, seeding mock data...
[2026-06-26T17:32:17.207Z] [INFO ] App ready
[2026-06-26T17:32:17.208Z] [INFO ] App ready
[2026-06-26T17:32:22.411Z] [INFO ] App starting, seeding mock data...
[2026-06-26T17:32:22.411Z] [INFO ] App ready
[2026-06-26T17:32:26.386Z] [INFO ] App starting, seeding mock data...
[2026-06-26T17:32:26.387Z] [INFO ] App starting, seeding mock data...
[2026-06-26T17:32:26.387Z] [INFO ] App ready
[2026-06-26T17:32:26.389Z] [INFO ] App ready
[2026-06-26T17:32:29.676Z] [INFO ] App starting, seeding mock data...
[2026-06-26T17:32:29.677Z] [INFO ] App ready
[2026-06-26T17:33:31.098Z] [INFO ] App starting, seeding mock data...
[2026-06-26T17:33:31.100Z] [INFO ] App starting, seeding mock data...
[2026-06-26T17:33:31.139Z] [INFO ] App ready
[2026-06-26T17:33:31.139Z] [INFO ] App ready
[2026-06-26T17:33:31.098Z] [INFO ] App starting, seeding mock data...
[2026-06-26T17:33:31.100Z] [INFO ] App starting, seeding mock data...
[2026-06-26T17:33:31.139Z] [INFO ] App ready
[2026-06-26T17:33:31.139Z] [INFO ] App ready
[2026-06-26T17:33:50.408Z] [INFO ] Log selected: jwt-verify-error-001.log (l1)
[2026-06-26T17:33:51.886Z] [INFO ] Log selected: rate-limit-warning.log (l2)
[2026-06-26T17:33:56.889Z] [INFO ] Log added: message.txt (96 KB)
[2026-06-26T17:33:31.098Z] [INFO ] App starting, seeding mock data...
[2026-06-26T17:33:31.100Z] [INFO ] App starting, seeding mock data...
[2026-06-26T17:33:31.139Z] [INFO ] App ready
[2026-06-26T17:33:31.139Z] [INFO ] App ready
[2026-06-26T17:33:50.408Z] [INFO ] Log selected: jwt-verify-error-001.log (l1)
[2026-06-26T17:33:51.886Z] [INFO ] Log selected: rate-limit-warning.log (l2)
[2026-06-26T17:33:56.889Z] [INFO ] Log added: message.txt (96 KB)
[2026-06-26T17:36:09.106Z] [INFO ] App starting, seeding mock data...
[2026-06-26T17:36:09.106Z] [INFO ] App starting, seeding mock data...
[2026-06-26T17:36:09.107Z] [INFO ] App ready
[2026-06-26T17:36:09.110Z] [INFO ] App ready
[2026-06-26T17:49:04.583Z] [INFO ] App starting, seeding mock data...
[2026-06-26T17:49:04.584Z] [INFO ] App starting, seeding mock data...
[2026-06-26T17:49:04.603Z] [INFO ] App ready
[2026-06-26T17:49:04.603Z] [INFO ] App ready
[2026-06-26T17:49:04.583Z] [INFO ] App starting, seeding mock data...
[2026-06-26T17:49:04.584Z] [INFO ] App starting, seeding mock data...
[2026-06-26T17:49:04.603Z] [INFO ] App ready
[2026-06-26T17:49:04.603Z] [INFO ] App ready
[2026-06-26T17:49:21.732Z] [INFO ] Deleting project: fce74320-02c9-494d-97ed-91c6ffb13164
[2026-06-26T17:49:22.100Z] [INFO ] Deleting project: p2
[2026-06-26T17:49:22.291Z] [INFO ] Deleting project: p1
[2026-06-26T17:49:22.491Z] [INFO ] Deleting project: p3
